#
# There is insufficient memory for the Java Runtime Environment to continue.
# Native memory allocation (malloc) failed to allocate 374816 bytes for Chunk::new
# Possible reasons:
#   The system is out of physical RAM or swap space
#   In 32 bit mode, the process size limit was hit
# Possible solutions:
#   Reduce memory load on the system
#   Increase physical memory or swap space
#   Check if swap backing store is full
#   Use 64 bit Java on a 64 bit OS
#   Decrease Java heap size (-Xmx/-Xms)
#   Decrease number of Java threads
#   Decrease Java thread stack sizes (-Xss)
#   Set larger code cache with -XX:ReservedCodeCacheSize=
# This output file may be truncated or incomplete.
#
#  Out of Memory Error (allocation.cpp:390), pid=185388, tid=187432
#
# JRE version: Java(TM) SE Runtime Environment (8.0_60-b27) (build 1.8.0_60-b27)
# Java VM: Java HotSpot(TM) 64-Bit Server VM (25.60-b23 mixed mode windows-amd64 compressed oops)
# Failed to write core dump. Minidumps are not enabled by default on client versions of Windows
#

---------------  T H R E A D  ---------------

Current thread (0x00000000172e4800):  JavaThread "C2 CompilerThread0" daemon [_thread_in_native, id=187432, stack(0x0000000017860000,0x0000000017960000)]

Stack: [0x0000000017860000,0x0000000017960000]
[error occurred during error reporting (printing stack bounds), id 0xc0000005]

Native frames: (J=compiled Java code, j=interpreted, Vv=VM code, C=native code)


Current CompileTask:
C2:   2723 1257       4       com.android.dx.ssa.LocalVariableExtractor::processBlock (383 bytes)


---------------  P R O C E S S  ---------------

Java Threads: ( => current thread )
  0x000000001758e800 JavaThread "pool-1-thread-4" [_thread_in_Java, id=187556, stack(0x0000000018260000,0x0000000018360000)]
  0x000000001758d800 JavaThread "pool-1-thread-3" [_thread_in_Java, id=187552, stack(0x0000000018160000,0x0000000018260000)]
  0x000000001749c000 JavaThread "pool-1-thread-2" [_thread_in_Java, id=187548, stack(0x0000000018060000,0x0000000018160000)]
  0x0000000017499000 JavaThread "pool-2-thread-1" [_thread_blocked, id=187544, stack(0x0000000017f60000,0x0000000018060000)]
  0x0000000017493800 JavaThread "pool-1-thread-1" [_thread_in_Java, id=187540, stack(0x0000000017e60000,0x0000000017f60000)]
  0x0000000017367800 JavaThread "Service Thread" daemon [_thread_blocked, id=187448, stack(0x0000000017c60000,0x0000000017d60000)]
  0x00000000172f3000 JavaThread "C1 CompilerThread3" daemon [_thread_in_vm, id=187444, stack(0x0000000017b60000,0x0000000017c60000)]
  0x00000000172ed800 JavaThread "C2 CompilerThread2" daemon [_thread_in_native, id=187440, stack(0x0000000017a60000,0x0000000017b60000)]
  0x00000000172e8000 JavaThread "C2 CompilerThread1" daemon [_thread_in_native, id=187436, stack(0x0000000017960000,0x0000000017a60000)]
=>0x00000000172e4800 JavaThread "C2 CompilerThread0" daemon [_thread_in_native, id=187432, stack(0x0000000017860000,0x0000000017960000)]
  0x00000000172e3800 JavaThread "Attach Listener" daemon [_thread_blocked, id=187428, stack(0x0000000017760000,0x0000000017860000)]
  0x0000000017299000 JavaThread "Signal Dispatcher" daemon [_thread_blocked, id=187424, stack(0x0000000017660000,0x0000000017760000)]
  0x0000000002778800 JavaThread "Finalizer" daemon [_thread_blocked, id=185940, stack(0x0000000017160000,0x0000000017260000)]
  0x0000000002772000 JavaThread "Reference Handler" daemon [_thread_blocked, id=187280, stack(0x0000000017060000,0x0000000017160000)]
  0x0000000002680800 JavaThread "main" [_thread_blocked, id=185728, stack(0x00000000024a0000,0x00000000025a0000)]

Other Threads:
  0x0000000015299800 VMThread [stack: 0x0000000016f60000,0x0000000017060000] [id=185468]
  0x00000000173d5000 WatcherThread [stack: 0x0000000017d60000,0x0000000017e60000] [id=187480]

VM state:not at safepoint (normal execution)

VM Mutex/Monitor currently owned by a thread: None

Heap:
 PSYoungGen      total 38400K, used 13455K [0x00000000eab00000, 0x00000000ed580000, 0x0000000100000000)
  eden space 33280K, 25% used [0x00000000eab00000,0x00000000eb328ce0,0x00000000ecb80000)
  from space 5120K, 99% used [0x00000000ecb80000,0x00000000ed07b288,0x00000000ed080000)
  to   space 5120K, 0% used [0x00000000ed080000,0x00000000ed080000,0x00000000ed580000)
 ParOldGen       total 87552K, used 1383K [0x00000000c0000000, 0x00000000c5580000, 0x00000000eab00000)
  object space 87552K, 1% used [0x00000000c0000000,0x00000000c0159de8,0x00000000c5580000)
 Metaspace       used 6019K, capacity 6898K, committed 7040K, reserved 1056768K
  class space    used 594K, capacity 618K, committed 640K, reserved 1048576K

Card table byte_map: [0x0000000011b40000,0x0000000011d50000] byte_map_base: 0x0000000011540000

Marking Bits: (ParMarkBitMap*) 0x000000006fd3a5b0
 Begin Bits: [0x00000000126b0000, 0x00000000136b0000)
 End Bits:   [0x00000000136b0000, 0x00000000146b0000)

Polling page: 0x0000000000990000

CodeCache: size=245760Kb used=5116Kb max_used=5119Kb free=240643Kb
 bounds [0x0000000002780000, 0x0000000002c90000, 0x0000000011780000]
 total_blobs=1533 nmethods=1263 adapters=183
 compilation: enabled

Compilation events (10 events):
Event: 2.704 Thread 0x00000000172f3000 nmethod 1262 0x0000000002c731d0 code [0x0000000002c73320, 0x0000000002c73430]
Event: 2.706 Thread 0x00000000172f3000 1265       3       com.android.dx.rop.code.LocalVariableExtractor::doit (49 bytes)
Event: 2.706 Thread 0x00000000172f3000 nmethod 1265 0x0000000002c6f910 code [0x0000000002c6faa0, 0x0000000002c6ff58]
Event: 2.706 Thread 0x00000000172f3000 1266       3       com.android.dx.dex.code.BlockAddresses::setupArrays (113 bytes)
Event: 2.708 Thread 0x00000000172ed800 nmethod 1261 0x0000000002c75d10 code [0x0000000002c75ea0, 0x0000000002c763f8]
Event: 2.708 Thread 0x00000000172ed800 1264       4       com.android.dx.util.IntList::mutableCopy (39 bytes)
Event: 2.708 Thread 0x00000000172f3000 nmethod 1266 0x0000000002c76710 code [0x0000000002c769c0, 0x0000000002c78418]
Event: 2.709 Thread 0x00000000172f3000 1267       3       com.android.dx.dex.code.RopTranslator::outputInstructions (69 bytes)
Event: 2.709 Thread 0x00000000172f3000 nmethod 1267 0x0000000002c75550 code [0x0000000002c756e0, 0x0000000002c75b38]
Event: 2.711 Thread 0x00000000172f3000 1268       3       com.android.dx.ssa.DomFront::buildDomTree (72 bytes)

GC Heap History (2 events):
Event: 2.321 GC heap before
{Heap before GC invocations=1 (full 0):
 PSYoungGen      total 38400K, used 33280K [0x00000000eab00000, 0x00000000ed580000, 0x0000000100000000)
  eden space 33280K, 100% used [0x00000000eab00000,0x00000000ecb80000,0x00000000ecb80000)
  from space 5120K, 0% used [0x00000000ed080000,0x00000000ed080000,0x00000000ed580000)
  to   space 5120K, 0% used [0x00000000ecb80000,0x00000000ecb80000,0x00000000ed080000)
 ParOldGen       total 87552K, used 0K [0x00000000c0000000, 0x00000000c5580000, 0x00000000eab00000)
  object space 87552K, 0% used [0x00000000c0000000,0x00000000c0000000,0x00000000c5580000)
 Metaspace       used 5964K, capacity 6898K, committed 7040K, reserved 1056768K
  class space    used 594K, capacity 618K, committed 640K, reserved 1048576K
Event: 2.389 GC heap after
Heap after GC invocations=1 (full 0):
 PSYoungGen      total 38400K, used 5100K [0x00000000eab00000, 0x00000000ed580000, 0x0000000100000000)
  eden space 33280K, 0% used [0x00000000eab00000,0x00000000eab00000,0x00000000ecb80000)
  from space 5120K, 99% used [0x00000000ecb80000,0x00000000ed07b288,0x00000000ed080000)
  to   space 5120K, 0% used [0x00000000ed080000,0x00000000ed080000,0x00000000ed580000)
 ParOldGen       total 87552K, used 1383K [0x00000000c0000000, 0x00000000c5580000, 0x00000000eab00000)
  object space 87552K, 1% used [0x00000000c0000000,0x00000000c0159de8,0x00000000c5580000)
 Metaspace       used 5964K, capacity 6898K, committed 7040K, reserved 1056768K
  class space    used 594K, capacity 618K, committed 640K, reserved 1048576K
}

Deoptimization events (9 events):
Event: 1.042 Thread 0x0000000002680800 Uncommon trap: reason=unstable_if action=reinterpret pc=0x000000000297f508 method=java.util.HashMap.getNode(ILjava/lang/Object;)Ljava/util/HashMap$Node; @ 129
Event: 1.224 Thread 0x000000001749c000 Uncommon trap: reason=class_check action=maybe_recompile pc=0x0000000002997a30 method=com.android.dx.ssa.NormalSsaInsn.accept(Lcom/android/dx/ssa/SsaInsn$Visitor;)V @ 9
Event: 1.224 Thread 0x000000001749c000 Uncommon trap: reason=class_check action=maybe_recompile pc=0x0000000002997a30 method=com.android.dx.ssa.NormalSsaInsn.accept(Lcom/android/dx/ssa/SsaInsn$Visitor;)V @ 9
Event: 1.224 Thread 0x000000001749c000 Uncommon trap: reason=class_check action=maybe_recompile pc=0x0000000002997a30 method=com.android.dx.ssa.NormalSsaInsn.accept(Lcom/android/dx/ssa/SsaInsn$Visitor;)V @ 9
Event: 1.224 Thread 0x000000001749c000 Uncommon trap: reason=class_check action=maybe_recompile pc=0x0000000002997a30 method=com.android.dx.ssa.NormalSsaInsn.accept(Lcom/android/dx/ssa/SsaInsn$Visitor;)V @ 9
Event: 1.232 Thread 0x0000000017493800 Uncommon trap: reason=bimorphic action=maybe_recompile pc=0x00000000029951e0 method=java.util.HashMap.getNode(ILjava/lang/Object;)Ljava/util/HashMap$Node; @ 126
Event: 2.231 Thread 0x000000001758e800 Uncommon trap: reason=unstable_if action=reinterpret pc=0x0000000002ae2828 method=com.android.dx.util.IntList.binarysearch(I)I @ 105
Event: 2.447 Thread 0x0000000002680800 Uncommon trap: reason=bimorphic action=maybe_recompile pc=0x00000000029951e0 method=java.util.HashMap.getNode(ILjava/lang/Object;)Ljava/util/HashMap$Node; @ 126
Event: 2.636 Thread 0x0000000017493800 Uncommon trap: reason=bimorphic action=maybe_recompile pc=0x00000000029951e0 method=java.util.HashMap.getNode(ILjava/lang/Object;)Ljava/util/HashMap$Node; @ 126

Internal exceptions (3 events):
Event: 0.074 Thread 0x0000000002680800 Exception <a 'java/lang/NoSuchMethodError': Method sun.misc.Unsafe.defineClass(Ljava/lang/String;[BII)Ljava/lang/Class; name or signature does not match> (0x00000000eab13088) thrown at [C:\re\workspace\8-2-build-windows-amd64-cygwin\jdk8u60\4407\hotspot\sr˘40êb≥?
Event: 0.074 Thread 0x0000000002680800 Exception <a 'java/lang/NoSuchMethodError': Method sun.misc.Unsafe.prefetchRead(Ljava/lang/Object;J)V name or signature does not match> (0x00000000eab13370) thrown at [C:\re\workspace\8-2-build-windows-amd64-cygwin\jdk8u60\4407\hotspot\src\share\vm\prims\j–ø?elÃ?
Event: 0.222 Thread 0x0000000002680800 Exception <a 'java/io/IOException'> (0x00000000eab9f718) thrown at [C:\re\workspace\8-2-build-windows-amd64-cygwin\jdk8u60\4407\hotspot\src\share\vm\prims\jni.cpp, line 709]

Events (10 events):
Event: 2.301 Executing VM operation: ParallelGCFailedAllocation
Event: 2.389 Executing VM operation: ParallelGCFailedAllocation done
Event: 2.424 Thread 0x000000001749c000 DEOPT PACKING pc=0x0000000002b2c501 sp=0x000000001815eb00
Event: 2.424 Thread 0x000000001749c000 DEOPT UNPACKING pc=0x00000000027c787f sp=0x000000001815e8c8 mode 0
Event: 2.447 Thread 0x0000000002680800 Uncommon trap: trap_request=0xffffffc6 fr.pc=0x00000000029951e0
Event: 2.447 Thread 0x0000000002680800 DEOPT PACKING pc=0x00000000029951e0 sp=0x000000000259e2c0
Event: 2.447 Thread 0x0000000002680800 DEOPT UNPACKING pc=0x00000000027c582a sp=0x000000000259e1d8 mode 2
Event: 2.636 Thread 0x0000000017493800 Uncommon trap: trap_request=0xffffffc6 fr.pc=0x00000000029951e0
Event: 2.636 Thread 0x0000000017493800 DEOPT PACKING pc=0x00000000029951e0 sp=0x0000000017f5e4c0
Event: 2.637 Thread 0x0000000017493800 DEOPT UNPACKING pc=0x00000000027c582a sp=0x0000000017f5e3d8 mode 2


Dynamic libraries:
0x00007ff7d8630000 - 0x00007ff7d8667000 	J:\JAVA\jdk\bin\java.exe
0x00007ffcb5e80000 - 0x00007ffcb6041000 	C:\WINDOWS\SYSTEM32\ntdll.dll
0x00007ffcb43f0000 - 0x00007ffcb449d000 	C:\WINDOWS\system32\KERNEL32.DLL
0x00007ffcb2530000 - 0x00007ffcb2718000 	C:\WINDOWS\system32\KERNELBASE.dll
0x00007ffcb5d20000 - 0x00007ffcb5dc7000 	C:\WINDOWS\system32\ADVAPI32.dll
0x00007ffcb5de0000 - 0x00007ffcb5e7d000 	C:\WINDOWS\system32\msvcrt.dll
0x00007ffcb3960000 - 0x00007ffcb39bb000 	C:\WINDOWS\system32\sechost.dll
0x00007ffcb37d0000 - 0x00007ffcb38ec000 	C:\WINDOWS\system32\RPCRT4.dll
0x00007ffcb34f0000 - 0x00007ffcb3646000 	C:\WINDOWS\system32\USER32.dll
0x00007ffcb3280000 - 0x00007ffcb3406000 	C:\WINDOWS\system32\GDI32.dll
0x00007ffca7da0000 - 0x00007ffca8014000 	C:\WINDOWS\WinSxS\amd64_microsoft.windows.common-controls_6595b64144ccf1df_6.0.10586.0_none_8c15ae12515e1c22\COMCTL32.dll
0x00007ffcb5aa0000 - 0x00007ffcb5d1d000 	C:\WINDOWS\system32\combase.dll
0x00007ffcb2f80000 - 0x00007ffcb2fea000 	C:\WINDOWS\system32\bcryptPrimitives.dll
0x00007ffcb5a60000 - 0x00007ffcb5a9b000 	C:\WINDOWS\system32\IMM32.DLL
0x000000006ebd0000 - 0x000000006eca2000 	J:\JAVA\jdk\jre\bin\msvcr100.dll
0x000000006f530000 - 0x000000006fdb9000 	J:\JAVA\jdk\jre\bin\server\jvm.dll
0x00007ffcb34e0000 - 0x00007ffcb34e8000 	C:\WINDOWS\system32\PSAPI.DLL
0x00007ffcb0cc0000 - 0x00007ffcb0ce3000 	C:\WINDOWS\SYSTEM32\WINMM.dll
0x00007ffca5d40000 - 0x00007ffca5d49000 	C:\WINDOWS\SYSTEM32\WSOCK32.dll
0x00007ffcb38f0000 - 0x00007ffcb395b000 	C:\WINDOWS\system32\WS2_32.dll
0x00007ffcad420000 - 0x00007ffcad42a000 	C:\WINDOWS\SYSTEM32\VERSION.dll
0x00007ffcb0b50000 - 0x00007ffcb0b7c000 	C:\WINDOWS\SYSTEM32\WINMMBASE.dll
0x00007ffcb2e80000 - 0x00007ffcb2ec3000 	C:\WINDOWS\system32\cfgmgr32.dll
0x00000000719c0000 - 0x00000000719cf000 	J:\JAVA\jdk\jre\bin\verify.dll
0x0000000071990000 - 0x00000000719b9000 	J:\JAVA\jdk\jre\bin\java.dll
0x0000000071970000 - 0x0000000071986000 	J:\JAVA\jdk\jre\bin\zip.dll
0x00007ffcb44a0000 - 0x00007ffcb59ff000 	C:\WINDOWS\system32\SHELL32.dll
0x00007ffcb2720000 - 0x00007ffcb2d64000 	C:\WINDOWS\system32\windows.storage.dll
0x00007ffcb5a00000 - 0x00007ffcb5a52000 	C:\WINDOWS\system32\shlwapi.dll
0x00007ffcb24f0000 - 0x00007ffcb24ff000 	C:\WINDOWS\system32\kernel.appcore.dll
0x00007ffcb2ff0000 - 0x00007ffcb30a5000 	C:\WINDOWS\system32\shcore.dll
0x00007ffcb24a0000 - 0x00007ffcb24eb000 	C:\WINDOWS\system32\powrprof.dll
0x00007ffcb2500000 - 0x00007ffcb2514000 	C:\WINDOWS\system32\profapi.dll

VM Arguments:
jvm_args: -Djava.awt.headless=true -Xmx1024M -Dfile.encoding=GBK -Duser.country=CN -Duser.language=zh -Duser.variant 
java_command: com.android.dx.command.Main --dex --force-jumbo --num-threads=4 --output C:\Users\Administrator\Desktop\talk\app\build\intermediates\pre-dexed\debug\Sunflower_afc26a4faa4bbff3515cefeb27f2d7c8f05b3a2e.jar C:\Users\Administrator\Desktop\talk\app\libs\Sunflower.jar
java_class_path (initial): C:\Users\Administrator\AppData\Local\Android\sdk\build-tools\24.0.0\lib\dx.jar
Launcher Type: SUN_STANDARD

Environment Variables:
JAVA_HOME=J:\JAVA\jdk
CLASSPATH=.;J:\JAVA\jdk\lib\dt.jar;J:\JAVA\jdk\lib\tools.jar;
PATH=C:\ProgramData\Oracle\Java\javapath;J:\JAVA\jdk\bin;J:\JAVA\jdk\jre\bin;J:\JAVA\jdk\bin;
USERNAME=Administrator
OS=Windows_NT
PROCESSOR_IDENTIFIER=Intel64 Family 6 Model 58 Stepping 9, GenuineIntel



---------------  S Y S T E M  ---------------

OS: Windows 10.0 , 64 bit Build 10586 (10.0.10586.0)

CPU:total 8 (4 cores per cpu, 2 threads per core) family 6 model 58 stepping 9, cmov, cx8, fxsr, mmx, sse, sse2, sse3, ssse3, sse4.1, sse4.2, popcnt, avx, aes, clmul, erms, ht, tsc, tscinvbit, tscinv

Memory: 4k page, physical 8268136k(779912k free), swap 10365288k(7368k free)

vm_info: Java HotSpot(TM) 64-Bit Server VM (25.60-b23) for windows-amd64 JRE (1.8.0_60-b27), built on Aug  4 2015 11:06:27 by "java_re" with MS VC++ 10.0 (VS2010)

time: Wed Jul 06 19:37:13 2016
elapsed time: 2 seconds (0d 0h 0m 2s)

